INFO:vits-simple-api torch:2.0.1+cpu cuda_available:False
INFO:vits-simple-api device:cpu device.type:cpu
INFO:vits-simple-api [VITS] 804 speakers
INFO:vits-simple-api 804 speakers in total
INFO:apscheduler.scheduler Added job "clean_task" to job store "default"
INFO:werkzeug [31m[1mWARNING: This is a development server. Do not use it in a production deployment. Use a production WSGI server instead.[0m
 * Running on all addresses (0.0.0.0)
 * Running on http://127.0.0.1:23456
 * Running on http://192.168.0.175:23456
INFO:werkzeug [33mPress CTRL+C to quit[0m
INFO:vits-simple-api [VITS] id:0 format:wav lang:auto length:1.0 noise:0.667 noisew:0.8
INFO:vits-simple-api [VITS] len:36 text：我是你的AI女仆，可以帮助你解答疑惑和完成任务。有什么我可以帮助你的吗？
DEBUG:vits-simple-api [ZH]我是你的AI女仆，可以帮助你解答疑惑和完成任务。有什么我可以帮助你的吗？[ZH]
INFO:vits-simple-api [VITS] finish in 3.34s
INFO:werkzeug 127.0.0.1 - - [23/Aug/2023 01:15:53] "POST /voice HTTP/1.1" 200 -
INFO:vits-simple-api [VITS] id:0 format:wav lang:auto length:1.0 noise:0.667 noisew:0.8
INFO:vits-simple-api [VITS] len:102 text：当然可以！为了创建一个日程表任务，请提供以下信息：
- 事件描述：请简要描述您想要添加到日程表的任务。
- 事件目的：请告诉我这个任务的目的或目标是什么。

如果您需要创建一个分步式任务列表，请让我知道。
DEBUG:vits-simple-api [ZH]当然可以！为了创建一个日程表任务，请提供以下信息： - 事件描述：请简要描述您想要添加到日程表的任务。[ZH]
DEBUG:vits-simple-api -[ZH] 事件目的：请告诉我这个任务的目的或目标是什么。 如果您需要创建一个分步式任务列表，请让我知道。[ZH]
INFO:vits-simple-api [VITS] finish in 6.54s
INFO:werkzeug 127.0.0.1 - - [23/Aug/2023 01:16:34] "POST /voice HTTP/1.1" 200 -
INFO:vits-simple-api [VITS] id:0 format:wav lang:auto length:1.0 noise:0.667 noisew:0.8
INFO:vits-simple-api [VITS] len:93 text：非常好。我将帮您创建一个日程表任务，让我们确认一下细节：

- 日期：2023年8月23日
- 时间：12:00
- 事件目的：查询当天天气

请问您需要将此任务创建为分步式任务列表吗？
DEBUG:vits-simple-api [ZH]非常好。我将帮您创建一个日程表任务，让我们确认一下细节： -[ZH][JA] 日期：2023年8月23日 -[JA][ZH] 时间：[ZH]
DEBUG:vits-simple-api [ZH]12:00 - 事件目的：查询当天天气 请问您需要将此任务创建为分步式任务列表吗？[ZH]
INFO:vits-simple-api [VITS] finish in 6.28s
INFO:werkzeug 127.0.0.1 - - [23/Aug/2023 01:23:31] "POST /voice HTTP/1.1" 200 -
INFO:vits-simple-api [VITS] id:0 format:wav lang:auto length:1.0 noise:0.667 noisew:0.8
INFO:vits-simple-api [VITS] len:152 text：根据您的要求，我已经生成了一个分步式任务列表，请您查看以下任务列表：

1. 查询当前天气：
   - 使用函数：get_current_weather
   - 参数：
      - 位置：用户当前位置
      - 温度单位：摄氏度

请您确认是否满意，并告诉我您想要将此事件安排到哪个具体时间。
DEBUG:vits-simple-api [ZH]根据您的要求，我已经生成了一个分步式任务列表，请您查看以下任务列表： 1. 查询当前天气： -[ZH][JA] 使用函数：[JA]
DEBUG:vits-simple-api [JA]get_current_[JA][ZH]weather -[ZH][JA] 参数： - 位置：用户当前位置 -[JA][ZH] 温度单位：摄氏度 请您确认是否满意，[ZH]
DEBUG:vits-simple-api [ZH]并告诉我您想要将此事件安排到哪个具体时间。[ZH]
INFO:vits-simple-api [VITS] finish in 8.75s
INFO:werkzeug 127.0.0.1 - - [23/Aug/2023 01:24:14] "POST /voice HTTP/1.1" 200 -
INFO:vits-simple-api [VITS] id:0 format:wav lang:auto length:1.0 noise:0.667 noisew:0.8
INFO:vits-simple-api [VITS] len:58 text：非常感谢您提供了位置信息。我已经更新了任务列表中的位置参数为南宁。接下来，请告诉我您想要将此事件安排到哪个具体时间？
DEBUG:vits-simple-api [ZH]非常感谢您提供了位置信息。我已经更新了任务列表中的位置参数为南宁。接下来，请告诉我您想要将此事件安排到哪个具体时间？[ZH]
INFO:vits-simple-api [VITS] finish in 4.48s
INFO:werkzeug 127.0.0.1 - - [23/Aug/2023 01:24:54] "POST /voice HTTP/1.1" 200 -
INFO:vits-simple-api [VITS] id:0 format:wav lang:auto length:1.0 noise:0.667 noisew:0.8
INFO:vits-simple-api [VITS] len:80 text：好的，任务已经成功添加到您的日程表中了。今天中午12点，您将会收到一个提醒来查询当天的天气情况。请注意查收。如果您还有其他问题或需要进一步的帮助，请随时告诉我。
DEBUG:vits-simple-api [ZH]好的，任务已经成功添加到您的日程表中了。今天中午12点，您将会收到一个提醒来查询当天的天气情况。请注意查收。[ZH]
DEBUG:vits-simple-api [ZH]如果您还有其他问题或需要进一步的帮助，请随时告诉我。[ZH]
INFO:vits-simple-api [VITS] finish in 5.73s
INFO:werkzeug 127.0.0.1 - - [23/Aug/2023 01:25:40] "POST /voice HTTP/1.1" 200 -
