INFO:vits-simple-api torch:2.0.1+cpu cuda_available:False
INFO:vits-simple-api device:cpu device.type:cpu
INFO:vits-simple-api [VITS] 804 speakers
INFO:vits-simple-api 804 speakers in total
INFO:apscheduler.scheduler Added job "clean_task" to job store "default"
INFO:werkzeug [31m[1mWARNING: This is a development server. Do not use it in a production deployment. Use a production WSGI server instead.[0m
 * Running on all addresses (0.0.0.0)
 * Running on http://127.0.0.1:23456
 * Running on http://192.168.0.175:23456
INFO:werkzeug [33mPress CTRL+C to quit[0m
INFO:vits-simple-api [VITS] id:0 format:wav lang:auto length:1.0 noise:0.667 noisew:0.8
INFO:vits-simple-api [VITS] len:34 text：Hello! How can I assist you today?
DEBUG:vits-simple-api [EN]Hello![EN][JA] How can I assist you today?[JA]
INFO:vits-simple-api [VITS] finish in 2.86s
INFO:werkzeug 127.0.0.1 - - [28/Aug/2023 01:44:57] "POST /voice HTTP/1.1" 200 -
INFO:vits-simple-api [VITS] id:0 format:wav lang:auto length:1.0 noise:0.667 noisew:0.8
INFO:vits-simple-api [VITS] len:128 text：I apologize, but I'm not sure what you mean by "111". Can you please provide more information or let me know how I can help you?
DEBUG:vits-simple-api [JA]I apologize, but I'm not sure what you mean by "[JA][ZH]111".[ZH]
DEBUG:vits-simple-api [JA]Can you please provide more information or let me know how I can help you?[JA]
INFO:vits-simple-api [VITS] finish in 5.39s
INFO:werkzeug 127.0.0.1 - - [28/Aug/2023 01:57:15] "POST /voice HTTP/1.1" 200 -
INFO:vits-simple-api [VITS] id:0 format:wav lang:auto length:1.0 noise:0.667 noisew:0.8
INFO:vits-simple-api [VITS] len:22 text：你好！你需要什么帮助？请告诉我你想要做什么。
DEBUG:vits-simple-api [ZH]你好！你需要什么帮助？请告诉我你想要做什么。[ZH]
INFO:vits-simple-api [VITS] finish in 1.52s
INFO:werkzeug 127.0.0.1 - - [28/Aug/2023 02:07:35] "POST /voice HTTP/1.1" 200 -
INFO:vits-simple-api [VITS] id:0 format:wav lang:auto length:1.0 noise:0.667 noisew:0.8
INFO:vits-simple-api [VITS] len:15 text：请问你需要帮助创建日程事件吗？
DEBUG:vits-simple-api [ZH]请问你需要帮助创建日程事件吗？[ZH]
INFO:vits-simple-api [VITS] finish in 1.05s
INFO:werkzeug 127.0.0.1 - - [28/Aug/2023 02:17:22] "POST /voice HTTP/1.1" 200 -
INFO:vits-simple-api [VITS] id:0 format:wav lang:auto length:1.0 noise:0.667 noisew:0.8
INFO:vits-simple-api [VITS] len:48 text：你好！请告诉我你需要什么帮助。如果你想创建一个日程事件，请提供事件的详细描述，以便我可以帮助你。
DEBUG:vits-simple-api [ZH]你好！请告诉我你需要什么帮助。如果你想创建一个日程事件，请提供事件的详细描述，以便我可以帮助你。[ZH]
INFO:vits-simple-api [VITS] finish in 3.06s
INFO:werkzeug 127.0.0.1 - - [28/Aug/2023 02:21:23] "POST /voice HTTP/1.1" 200 -
INFO:vits-simple-api [VITS] id:0 format:wav lang:auto length:1.0 noise:0.667 noisew:0.8
INFO:vits-simple-api [VITS] len:488 text：根据我搜索到的相关功能函数，以下是与创建日程事件相关的功能函数：

1. get_anime_rssfeed: 获取当前动漫更新的RSS订阅信息。
   - 参数：{"switch": "on"}
   - 描述：调用该功能可以获取当前动漫的更新订阅信息。

2. get_the_price_of_the_item: 输入物品名称和金额单位，获取物品的单个价格。
   - 参数：{"item": "需要查询的物品", "unit": "人民币/美元"}
   - 描述：根据用户提供的物品名称和金额单位，可以获得物品的单个价格。

3. get_n_day_weather_forecast: 输入位置、温度单位和天数，获取该位置未来N天的天气预报。
   - 参数：{"location": "需要查询的城市", "unit": "摄氏度/华氏度", "num_days": N}
   - 描述：根据用户提供的位置、温度单位和天数，可以获得该位置未来N天的天气预报。

这些功能函数与创建日程事件的需求没有直接关联。请提供更详细的描述，以便我更好地帮助你创建日程事件。
DEBUG:vits-simple-api [ZH]根据我搜索到的相关功能函数，以下是与创建日程事件相关的功能函数： 1.[ZH][JA] get_anime_rssfeed:[JA]
DEBUG:vits-simple-api [ZH]获取当前动漫更新的RSS订阅信息。 -[ZH][JA] 参数：{"switch": "[JA][ZH]on"} - 描述：调用该功能可以获取当前动漫的更新订阅信息。[ZH]
DEBUG:vits-simple-api [ZH]2.[ZH][JA] get_[JA][ZH]the_price_of_the_item:[ZH][JA] 输入物品名称和金额单位，[JA][ZH]获取物品的单个价格。[ZH]
DEBUG:vits-simple-api -[JA] 参数：{"[JA][ZH]item": "需要查询的物品", "unit": "人民币/[ZH][JA]美元"} -[JA][ZH] 描述：根据用户提供的物品名称和金额单位，[ZH]
DEBUG:vits-simple-api [ZH]可以获得物品的单个价格。 3.[ZH][JA] get_[JA][ZH]n_day_weather_forecast:[ZH][JA] 输入位置、[JA][ZH]温度单位和天数，[ZH]
DEBUG:vits-simple-api [ZH]获取该位置未来N天的天气预报。 -[ZH][JA] 参数：{"[JA][ZH]location": "需要查询的城市", "unit":[ZH]
DEBUG:vits-simple-api "[JA]摄氏度/[JA][ZH]华氏度", "[ZH][JA]num_[JA][ZH]days": N} - 描述：根据用户提供的位置、温度单位和天数，[ZH]
DEBUG:vits-simple-api [ZH]可以获得该位置未来N天的天气预报。 这些功能函数与创建日程事件的需求没有直接关联。请提供更详细的描述，[ZH]
DEBUG:vits-simple-api [ZH]以便我更好地帮助你创建日程事件。[ZH]
INFO:vits-simple-api [VITS] finish in 29.50s
INFO:werkzeug 127.0.0.1 - - [28/Aug/2023 02:33:28] "POST /voice HTTP/1.1" 200 -
INFO:vits-simple-api [VITS] id:0 format:wav lang:auto length:1.0 noise:0.667 noisew:0.8
INFO:vits-simple-api [VITS] len:1430 text：根据任务目标和任务列表示例，您可以按照以下步骤创建项目报告：

### 1. 理解任务目标：
- 用户需要创建一个项目报告。
- 项目报告应包含任务目标、任务列表和任务的详细说明。

### 2. 创建任务列表：
1. 完成任务目标的介绍。
2. 解释任务列表的结构和含义。
3. 说明每个任务的详细说明和所使用的函数。
4. 给出每个任务的功能函数和参数示例。

以下是一个符合要求的项目报告：

```markdown
# 项目报告

## 任务目标
创建一个包含任务目标、任务列表和任务详细说明的项目报告。

## 任务列表
1. 理解任务目标：
    - 用户需要创建一个项目报告。
    - 项目报告应包含任务目标、任务列表和任务的详细说明。
2. 创建任务列表：
    1. 完成任务目标的介绍。
    2. 解释任务列表的结构和含义。
    3. 说明每个任务的详细说明和所使用的函数。
    4. 给出每个任务的功能函数和参数示例。

### 任务说明
#### 1. 理解任务目标
首先，需要理解用户的任务目标，确定用户需要创建一个项目报告，并且报告应包含任务目标、任务列表和任务的详细说明。

#### 2. 创建任务列表
在创建任务列表之前，需要明确任务列表的结构和含义。任务列表将按照时间顺序排列，每个任务都有一个唯一的任务ID。任务包括任务描述、是否使用了功能函数以及所使用的函数名称和参数。

以下是任务列表的结构示例：
```json
[
    {
        "task_id": 1,
        "task_description": "任务描述",
        "function_used": True/False,
        "function_name": "函数名称",
        "function_parameters": {
            "参数1": "值1",
            "参数2": "值2"
        }
    },
    ...
]
```

接下来，根据实际需要，给出每个任务的详细说明和所使用的函数。

##### 2.1 完成任务目标的介绍
在项目报告中添加一个介绍部分，解释任务目标是什么，为什么要创建这个报告，目标是什么。

##### 2.2 解释任务列表的结构和含义
在报告中添加一个任务列表的解释部分，说明任务列表的结构和含义。

##### 2.3 说明每个任务的详细说明和所使用的函数
对于每个任务，添加一个详细说明部分，解释该任务的具体内容，以及使用的函数和参数。

##### 2.4 给出每个任务的功能函数和参数示例
对于每个需要使用功能函数的任务，给出相应的功能函数名称和参数示例。

### 功能函数库（只列出部分功能函数）
1. get_the_price_of_the_item：
    - 描述：输入物品名称和金额单位，获取物品的单个价格。
    - 参数示例：{"item": "苹果", "unit": "人民币"}

### 结论
通过完成上述任务，我们可以创建一个包含任务目标、任务列表和任务详细说明的项目报告。这将帮助用户清晰地了解项目的目标和任务，并且能够按照任务列表逐步完成项目。

以上是项目报告的创建过程。
```

请根据您的具体任务和需求，适当修改和完善以上报告。
DEBUG:vits-simple-api [ZH]根据任务目标和任务列表示例，您可以按照以下步骤创建项目报告： ### 1. 理解任务目标： - 用户需要创建一个项目报告。[ZH]
DEBUG:vits-simple-api -[ZH] 项目报告应包含任务目标、任务列表和任务的详细说明。 ### 2. 创建任务列表： 1. 完成任务目标的介绍。[ZH]
DEBUG:vits-simple-api [ZH]2. 解释任务列表的结构和含义。 3. 说明每个任务的详细说明和所使用的函数。 4. 给出每个任务的功能函数和参数示例。[ZH]
DEBUG:vits-simple-api [ZH]以下是一个符合要求的项目报告： ```markdown # 项目报告 ## 任务目标 创建一个包含任务目标、[ZH]
DEBUG:vits-simple-api [ZH]任务列表和任务详细说明的项目报告。 ## 任务列表 1. 理解任务目标： - 用户需要创建一个项目报告。[ZH]
DEBUG:vits-simple-api -[ZH] 项目报告应包含任务目标、任务列表和任务的详细说明。 2. 创建任务列表： 1. 完成任务目标的介绍。[ZH]
DEBUG:vits-simple-api [ZH]2. 解释任务列表的结构和含义。 3. 说明每个任务的详细说明和所使用的函数。 4. 给出每个任务的功能函数和参数示例。[ZH]
DEBUG:vits-simple-api ###[ZH] 任务说明 #### 1. 理解任务目标 首先，需要理解用户的任务目标，确定用户需要创建一个项目报告，[ZH]
DEBUG:vits-simple-api [ZH]并且报告应包含任务目标、任务列表和任务的详细说明。 #### 2. 创建任务列表 在创建任务列表之前，[ZH]
DEBUG:vits-simple-api [ZH]需要明确任务列表的结构和含义。任务列表将按照时间顺序排列，每个任务都有一个唯一的任务ID。任务包括任务描述、[ZH]
DEBUG:vits-simple-api [ZH]是否使用了功能函数以及所使用的函数名称和参数。 以下是任务列表的结构示例： ```json [ { "[ZH][JA]task_[JA][ZH]id":[ZH]
DEBUG:vits-simple-api [ZH]1, "[ZH][JA]task_[JA][ZH]description": "任务描述", "function_used": True/False,[ZH]
DEBUG:vits-simple-api "[ZH]function_name": "[ZH][JA]函数名称", "[JA][ZH]function_parameters": { "[ZH][JA]参数1":[JA]
DEBUG:vits-simple-api "[ZH]值1", "[ZH][JA]参数2": "[JA][ZH]值2" } }, ... ] ```[ZH][JA] 接下来，[JA][ZH]根据实际需要，给出每个任务的详细说明和所使用的函数。[ZH]
DEBUG:vits-simple-api #####[ZH] 2.1 完成任务目标的介绍 在项目报告中添加一个介绍部分，解释任务目标是什么，为什么要创建这个报告，[ZH]
DEBUG:vits-simple-api [ZH]目标是什么。 ##### 2.2 解释任务列表的结构和含义 在报告中添加一个任务列表的解释部分，说明任务列表的结构和含义。[ZH]
DEBUG:vits-simple-api #####[ZH] 2.3 说明每个任务的详细说明和所使用的函数 对于每个任务，添加一个详细说明部分，解释该任务的具体内容，[ZH]
DEBUG:vits-simple-api [ZH]以及使用的函数和参数。 ##### 2.4 给出每个任务的功能函数和参数示例 对于每个需要使用功能函数的任务，[ZH]
DEBUG:vits-simple-api [ZH]给出相应的功能函数名称和参数示例。 ###[ZH][JA] 功能函数库（只列出部分功能函数）[JA][ZH] 1.[ZH][JA] get_[JA][ZH]the_price_of_the_item：[ZH]
DEBUG:vits-simple-api -[ZH] 描述：[ZH][JA]输入物品名称和金额单位，[JA][ZH]获取物品的单个价格。 -[ZH][JA] 参数示例：{"[JA][ZH]item": "苹果",[ZH]
DEBUG:vits-simple-api "[ZH]unit": "人民币"} ### 结论 通过完成上述任务，我们可以创建一个包含任务目标、任务列表和任务详细说明的项目报告。[ZH]
DEBUG:vits-simple-api [ZH]这将帮助用户清晰地了解项目的目标和任务，并且能够按照任务列表逐步完成项目。 以上是项目报告的创建过程。[ZH]
DEBUG:vits-simple-api  ```[ZH] 请根据您的具体任务和需求，[ZH][JA]适当修改和完善以上报告。[JA]
INFO:vits-simple-api [VITS] finish in 81.63s
INFO:werkzeug 127.0.0.1 - - [28/Aug/2023 02:44:41] "POST /voice HTTP/1.1" 200 -
INFO:vits-simple-api [VITS] id:0 format:wav lang:auto length:1.0 noise:0.667 noisew:0.8
INFO:vits-simple-api [VITS] len:15 text：你好！有什么我可以帮助你的吗？
DEBUG:vits-simple-api [ZH]你好！有什么我可以帮助你的吗？[ZH]
INFO:vits-simple-api [VITS] finish in 0.90s
INFO:werkzeug 127.0.0.1 - - [28/Aug/2023 02:55:43] "POST /voice HTTP/1.1" 200 -
INFO:vits-simple-api [VITS] id:0 format:wav lang:auto length:1.0 noise:0.667 noisew:0.8
INFO:vits-simple-api [VITS] len:84 text：我是你的个人AI助手，专门为你提供帮助和解答问题的虚拟助手。无论是日程管理、事务安排还是其他需求，我都会尽力提供所需的支持和信息。请告诉我您有什么需要，我会尽力帮助您。
DEBUG:vits-simple-api [ZH]我是你的个人AI助手，专门为你提供帮助和解答问题的虚拟助手。无论是日程管理、事务安排还是其他需求，我都会尽力提供所需的支持和信息。[ZH]
DEBUG:vits-simple-api [ZH]请告诉我您有什么需要，我会尽力帮助您。[ZH]
INFO:vits-simple-api [VITS] finish in 5.82s
INFO:werkzeug 127.0.0.1 - - [28/Aug/2023 02:59:24] "POST /voice HTTP/1.1" 200 -
INFO:vits-simple-api [VITS] id:0 format:wav lang:auto length:1.0 noise:0.667 noisew:0.8
INFO:vits-simple-api [VITS] len:14 text：今天是2023年8月28日。
DEBUG:vits-simple-api [ZH]今天是2023年8月28日。[ZH]
INFO:vits-simple-api [VITS] finish in 1.39s
INFO:werkzeug 127.0.0.1 - - [28/Aug/2023 03:00:13] "POST /voice HTTP/1.1" 200 -
INFO:vits-simple-api [VITS] id:0 format:wav lang:auto length:1.0 noise:0.667 noisew:0.8
INFO:vits-simple-api [VITS] len:32 text：根据最新的天气预报，今天南宁的天气持续雨天，气温约为28摄氏度。
DEBUG:vits-simple-api [ZH]根据最新的天气预报，今天南宁的天气持续雨天，气温约为28摄氏度。[ZH]
INFO:vits-simple-api [VITS] finish in 2.45s
INFO:werkzeug 127.0.0.1 - - [28/Aug/2023 03:00:59] "POST /voice HTTP/1.1" 200 -
INFO:vits-simple-api [VITS] id:0 format:wav lang:auto length:1.0 noise:0.667 noisew:0.8
INFO:vits-simple-api [VITS] len:34 text：根据最新的天气预报，今天北京的天气也是持续雨天，气温约为28摄氏度。
DEBUG:vits-simple-api [ZH]根据最新的天气预报，今天北京的天气也是持续雨天，气温约为28摄氏度。[ZH]
INFO:vits-simple-api [VITS] finish in 2.67s
INFO:werkzeug 127.0.0.1 - - [28/Aug/2023 03:10:03] "POST /voice HTTP/1.1" 200 -
INFO:vits-simple-api [VITS] id:0 format:wav lang:auto length:1.0 noise:0.667 noisew:0.8
INFO:vits-simple-api [VITS] len:34 text：根据最新的天气预报，今天上海的天气也是持续雨天，气温约为28摄氏度。
DEBUG:vits-simple-api [ZH]根据最新的天气预报，今天上海的天气也是持续雨天，气温约为28摄氏度。[ZH]
INFO:vits-simple-api [VITS] finish in 2.51s
INFO:werkzeug 127.0.0.1 - - [28/Aug/2023 03:10:21] "POST /voice HTTP/1.1" 200 -
INFO:vits-simple-api [VITS] id:0 format:wav lang:auto length:1.0 noise:0.667 noisew:0.8
INFO:vits-simple-api [VITS] len:49 text：我无法获取实时的苹果价格信息，请您通过线上购物平台或者当地商店进行查询，因为商品价格可能随时变动。
DEBUG:vits-simple-api [ZH]我无法获取实时的苹果价格信息，请您通过线上购物平台或者当地商店进行查询，因为商品价格可能随时变动。[ZH]
INFO:vits-simple-api [VITS] finish in 3.50s
INFO:werkzeug 127.0.0.1 - - [28/Aug/2023 03:11:26] "POST /voice HTTP/1.1" 200 -
INFO:vits-simple-api [VITS] id:0 format:wav lang:auto length:1.0 noise:0.667 noisew:0.8
INFO:vits-simple-api [VITS] len:35 text：根据最新的天气预报，今天上海的天气依然是持续雨天，气温约为28摄氏度。
DEBUG:vits-simple-api [ZH]根据最新的天气预报，今天上海的天气依然是持续雨天，气温约为28摄氏度。[ZH]
INFO:vits-simple-api [VITS] finish in 2.76s
INFO:werkzeug 127.0.0.1 - - [28/Aug/2023 03:11:49] "POST /voice HTTP/1.1" 200 -
INFO:vits-simple-api [VITS] id:0 format:wav lang:auto length:1.0 noise:0.667 noisew:0.8
INFO:vits-simple-api [VITS] len:34 text：很高兴我能给您带来欢笑！如果您还有其他问题或需要帮助，请随时告诉我。
DEBUG:vits-simple-api [ZH]很高兴我能给您带来欢笑！如果您还有其他问题或需要帮助，请随时告诉我。[ZH]
INFO:vits-simple-api [VITS] finish in 2.14s
INFO:werkzeug 127.0.0.1 - - [28/Aug/2023 03:12:15] "POST /voice HTTP/1.1" 200 -
INFO:vits-simple-api torch:2.0.1+cpu cuda_available:False
INFO:vits-simple-api device:cpu device.type:cpu
INFO:vits-simple-api [VITS] 804 speakers
INFO:vits-simple-api 804 speakers in total
INFO:apscheduler.scheduler Added job "clean_task" to job store "default"
INFO:werkzeug [31m[1mWARNING: This is a development server. Do not use it in a production deployment. Use a production WSGI server instead.[0m
 * Running on all addresses (0.0.0.0)
 * Running on http://127.0.0.1:23456
 * Running on http://192.168.0.175:23456
INFO:werkzeug [33mPress CTRL+C to quit[0m
INFO:vits-simple-api [VITS] id:0 format:wav lang:auto length:1.0 noise:0.667 noisew:0.8
INFO:vits-simple-api [VITS] len:16 text：你好！有什么问题或需要帮助的吗？
DEBUG:vits-simple-api [ZH]你好！有什么问题或需要帮助的吗？[ZH]
INFO:vits-simple-api [VITS] finish in 2.06s
INFO:werkzeug 127.0.0.1 - - [28/Aug/2023 17:30:40] "POST /voice HTTP/1.1" 200 -
INFO:vits-simple-api [VITS] id:0 format:wav lang:auto length:1.0 noise:0.667 noisew:0.8
INFO:vits-simple-api [VITS] len:44 text：我是你的AI女仆，负责帮助你解答问题、完成任务和提供各种服务。有什么我可以为你效劳的吗？
DEBUG:vits-simple-api [ZH]我是你的AI女仆，负责帮助你解答问题、完成任务和提供各种服务。有什么我可以为你效劳的吗？[ZH]
INFO:vits-simple-api [VITS] finish in 3.06s
INFO:werkzeug 127.0.0.1 - - [28/Aug/2023 17:31:22] "POST /voice HTTP/1.1" 200 -
INFO:vits-simple-api [VITS] id:0 format:wav lang:auto length:1.0 noise:0.667 noisew:0.8
INFO:vits-simple-api [VITS] len:358 text：我可以为你提供以下功能：

1. 获取今日动漫更新的RSS订阅列表。
    - 函数名称：get_anime_rssfeed
    - 输入参数：{ "switch": "on" }

2. 查询物品的价格信息。
    - 函数名称：get_the_price_of_the_item
    - 输入参数：{ "item": "商品名称", "unit": "货币单位（人民币/美元）" }

3. 获取未来N天的天气预报。
    - 函数名称：get_n_day_weather_forecast
    - 输入参数：{ "location": "城市", "unit": "温度单位（摄氏度/华氏度）", "num_days": N }

如果你还有其他需求，请告诉我具体的功能描述，我会尽力帮助你。
DEBUG:vits-simple-api [ZH]我可以为你提供以下功能： 1. 获取今日动漫更新的RSS订阅列表。 -[ZH][JA] 函数名称：get_anime_rssfeed -[JA]
DEBUG:vits-simple-api [JA]输入参数：{ "switch": "[JA][ZH]on" } 2. 查询物品的价格信息。 -[ZH][JA] 函数名称：get_[JA][ZH]the_price_of_the_item -[ZH]
DEBUG:vits-simple-api [JA]输入参数：{ "[JA][ZH]item": "[ZH][JA]商品名称", "[JA][ZH]unit": "货币单位（人民币/[ZH][JA]美元）" }[JA][ZH] 3.[ZH]
DEBUG:vits-simple-api [ZH]获取未来N天的天气预报。 -[ZH][JA] 函数名称：get_[JA][ZH]n_day_weather_forecast -[ZH][JA] 输入参数：[JA]
DEBUG:vits-simple-api { "[ZH]location": "[ZH][JA]城市", "[JA][ZH]unit": "温度单位（[ZH][JA]摄氏度/[JA][ZH]华氏度）", "[ZH][JA]num_[JA][ZH]days":[ZH]
DEBUG:vits-simple-api [ZH] N } 如果你还有其他需求，请告诉我具体的功能描述，我会尽力帮助你。[ZH]
INFO:vits-simple-api [VITS] finish in 19.20s
INFO:werkzeug 127.0.0.1 - - [28/Aug/2023 17:36:31] "POST /voice HTTP/1.1" 200 -
INFO:vits-simple-api [VITS] id:0 format:wav lang:auto length:1.0 noise:0.667 noisew:0.8
INFO:vits-simple-api [VITS] len:42 text：南宁今天的天气预报是持续阴雨天，气温约为28摄氏度。有什么其他问题我可以帮你解答吗？
DEBUG:vits-simple-api [ZH]南宁今天的天气预报是持续阴雨天，气温约为28摄氏度。有什么其他问题我可以帮你解答吗？[ZH]
INFO:vits-simple-api [VITS] finish in 2.97s
INFO:werkzeug 127.0.0.1 - - [28/Aug/2023 17:37:52] "POST /voice HTTP/1.1" 200 -
INFO:vits-simple-api [VITS] id:0 format:wav lang:auto length:1.0 noise:0.667 noisew:0.8
INFO:vits-simple-api [VITS] len:32 text：如果你有其他问题或需要帮助的话，请随时告诉我。我会尽力提供帮助。
DEBUG:vits-simple-api [ZH]如果你有其他问题或需要帮助的话，请随时告诉我。我会尽力提供帮助。[ZH]
INFO:vits-simple-api [VITS] finish in 2.24s
INFO:werkzeug 127.0.0.1 - - [28/Aug/2023 20:34:28] "POST /voice HTTP/1.1" 200 -
INFO:vits-simple-api [VITS] id:0 format:wav lang:auto length:1.0 noise:0.667 noisew:0.8
INFO:vits-simple-api [VITS] len:46 text：我是你的AI女仆，专门为你提供帮助、解答问题和执行任务的人工智能助手。有什么我可以帮助你的？
DEBUG:vits-simple-api [ZH]我是你的AI女仆，专门为你提供帮助、解答问题和执行任务的人工智能助手。有什么我可以帮助你的？[ZH]
INFO:vits-simple-api [VITS] finish in 3.24s
INFO:werkzeug 127.0.0.1 - - [28/Aug/2023 23:08:25] "POST /voice HTTP/1.1" 200 -
